#
# A fatal error has been detected by the Java Runtime Environment:
#
#  EXCEPTION_ACCESS_VIOLATION (0xc0000005) at pc=0x00000166f3d31066, pid=30688, tid=0x0000000000002548
#
# JRE version: OpenJDK Runtime Environment (8.0_382-b05) (build 1.8.0_382-b05)
# Java VM: OpenJDK 64-Bit Server VM (25.382-b05 mixed mode windows-amd64 compressed oops)
# Problematic frame:
# C  [OpenAL64.dll+0x11066]
#
# Failed to write core dump. Minidumps are not enabled by default on client versions of Windows
#
# If you would like to submit a bug report, please visit:
#   https://github.com/adoptium/adoptium-support/issues
# The crash happened outside the Java Virtual Machine in native code.
# See problematic frame for where to report the bug.
#

---------------  T H R E A D  ---------------

Current thread (0x00000166d126b800):  JavaThread "main" [_thread_in_native, id=9544, stack(0x0000002304300000,0x0000002304400000)]

siginfo: ExceptionCode=0xc0000005, reading address 0x00000166f307c004

Registers:
RAX=0x0000000000000004, RBX=0x00000166f8270090, RCX=0x00000166f307c008, RDX=0x00000166f307c004
RSP=0x00000023043fb920, RBP=0x00000000000000ff, RSI=0x00000166f307b02c, RDI=0x0000000000000000
R8 =0x00000000000003f6, R9 =0x00000166f307b02c, R10=0x00000166d2ca9c62, R11=0x0000000067988ee0
R12=0x0000000000000001, R13=0x00000166f3c80320, R14=0x00000023043fbac0, R15=0x00000166d126b800
RIP=0x00000166f3d31066, EFLAGS=0x0000000000010202

Top of Stack: (sp=0x00000023043fb920)
0x00000023043fb920:   0000000000000000 00000166d126b800
0x00000023043fb930:   00000023043fbac0 00000166f3c80320
0x00000023043fb940:   00000166f3c80320 0000000000000000
0x00000023043fb950:   00000166d126b800 0000000000000000
0x00000023043fb960:   00000023043fba88 000000006781f1eb
0x00000023043fb970:   00000023043fb9a0 00000166d2cea6d3
0x00000023043fb980:   00000166d126a1d0 00000166d126bd10
0x00000023043fb990:   00000166d126b800 00000023043fbac0
0x00000023043fb9a0:   00000166f3c80320 0000000000000000
0x00000023043fb9b0:   00000166f307b02c 0000000000000248
0x00000023043fb9c0:   00000023043fba88 00000166f3d3248f
0x00000023043fb9d0:   00000166f8270090 00000166f8270090
0x00000023043fb9e0:   000001660000ac44 0000016600000004
0x00000023043fb9f0:   00000166d2c97bd0 00000166d2ca9c8e
0x00000023043fba00:   00000166f3c80320 0000000000000248
0x00000023043fba10:   00000166d2c97bd0 00000166d2ca999b 

Instructions: (pc=0x00000166f3d31066)
0x00000166f3d31046:   41 2b ec 81 3a 03 00 02 00 75 09 8b 01 89 84 24
0x00000166f3d31056:   c8 00 00 00 49 83 c0 02 48 83 c1 08 4a 8d 14 86
0x00000166f3d31066:   39 3a 75 af 4c 8d 84 24 c0 00 00 00 48 8d 15 d7
0x00000166f3d31076:   2b 03 00 33 c9 e8 58 5f 00 00 b8 40 1f 00 00 4c 


Register to memory mapping:

RAX=0x0000000000000004 is an unknown value
RBX=0x00000166f8270090 is an unknown value
RCX=0x00000166f307c008 is an unknown value
RDX=0x00000166f307c004 is an unknown value
RSP=0x00000023043fb920 is pointing into the stack for thread: 0x00000166d126b800
RBP=0x00000000000000ff is an unknown value
RSI=0x00000166f307b02c is an unknown value
RDI=0x0000000000000000 is an unknown value
R8 =0x00000000000003f6 is an unknown value
R9 =0x00000166f307b02c is an unknown value
R10=0x00000166d2ca9c62 is at code_begin+962 in an Interpreter codelet
method entry point (kind = native)  [0x00000166d2ca98a0, 0x00000166d2caa340]  2720 bytes
R11=0x0000000067988ee0 is an unknown value
R12=0x0000000000000001 is an unknown value
R13={method} {0x00000166f3c80328} 'nalcCreateContext' '(JJ)J' in 'org/lwjgl/openal/ALC10'
R14=0x00000023043fbac0 is pointing into the stack for thread: 0x00000166d126b800
R15=0x00000166d126b800 is a thread


Stack: [0x0000002304300000,0x0000002304400000],  sp=0x00000023043fb920,  free space=1006k
Native frames: (J=compiled Java code, j=interpreted, Vv=VM code, C=native code)
C  [OpenAL64.dll+0x11066]
C  [OpenAL64.dll+0x1248f]
C  0x00000166d2ca9c8e

Java frames: (J=compiled Java code, j=interpreted, Vv=VM code)
j  org.lwjgl.openal.ALC10.nalcCreateContext(JJ)J+0
j  org.lwjgl.openal.ALC10.alcCreateContext(Lorg/lwjgl/openal/ALCdevice;Ljava/nio/IntBuffer;)Lorg/lwjgl/openal/ALCcontext;+8
j  org.lwjgl.openal.AL.init(Ljava/lang/String;IIZZ)V+69
j  org.lwjgl.openal.AL.create(Ljava/lang/String;IIZZ)V+246
j  org.lwjgl.openal.AL.create(Ljava/lang/String;IIZ)V+5
j  org.lwjgl.openal.AL.create()V+6
j  com.badlogic.gdx.backends.lwjgl.audio.OpenALAudio.<init>(III)V+114
j  com.badlogic.gdx.backends.lwjgl.LwjglApplication.<init>(Lcom/badlogic/gdx/ApplicationListener;Lcom/badlogic/gdx/backends/lwjgl/LwjglApplicationConfiguration;Lcom/badlogic/gdx/backends/lwjgl/LwjglGraphics;)V+120
j  com.badlogic.gdx.backends.lwjgl.LwjglApplication.<init>(Lcom/badlogic/gdx/ApplicationListener;Lcom/badlogic/gdx/backends/lwjgl/LwjglApplicationConfiguration;)V+11
j  org.uqbar.project.wollok.game.gameboard.WollokGDXApplication.<init>(Lorg/uqbar/project/wollok/game/gameboard/Gameboard;Ljava/lang/Boolean;)V+17
j  org.uqbar.project.wollok.game.helpers.Application.start(Lorg/uqbar/project/wollok/game/gameboard/Gameboard;Ljava/lang/Boolean;)V+5
j  org.uqbar.project.wollok.game.gameboard.Gameboard.start(Ljava/lang/Boolean;)V+13
j  wollok.game.GameObject.doStart(Ljava/lang/Boolean;)V+12
v  ~StubRoutines::call_stub
J 3590  sun.reflect.NativeMethodAccessorImpl.invoke0(Ljava/lang/reflect/Method;Ljava/lang/Object;[Ljava/lang/Object;)Ljava/lang/Object; (0 bytes) @ 0x00000166d39c087f [0x00000166d39c0800+0x7f]
J 3589 C1 sun.reflect.NativeMethodAccessorImpl.invoke(Ljava/lang/Object;[Ljava/lang/Object;)Ljava/lang/Object; (104 bytes) @ 0x00000166d39b9ebc [0x00000166d39b8cc0+0x11fc]
J 3849 C2 java.lang.reflect.Method.invoke(Ljava/lang/Object;[Ljava/lang/Object;)Ljava/lang/Object; (62 bytes) @ 0x00000166d3adb7e4 [0x00000166d3adb760+0x84]
J 3699 C1 org.uqbar.project.wollok.ui.utils.XTendUtilExtensions.invokeConvertingArgs(Ljava/lang/reflect/Method;Ljava/lang/Object;[Ljava/lang/Object;)Lorg/uqbar/project/wollok/interpreter/core/WollokObject; (368 bytes) @ 0x00000166d3a48f44 [0x00000166d3a47360+0x1be4]
J 3694 C1 org.uqbar.project.wollok.interpreter.AbstractWollokCallable._invokeNative(Ljava/lang/Object;Ljava/lang/String;[Lorg/uqbar/project/wollok/interpreter/core/WollokObject;)Lorg/uqbar/project/wollok/interpreter/core/WollokObject; (49 bytes) @ 0x00000166d3a37da4 [0x00000166d3a37b00+0x2a4]
J 3748 C1 org.uqbar.project.wollok.interpreter.AbstractWollokCallable.invokeNative(Ljava/lang/Object;Ljava/lang/String;[Lorg/uqbar/project/wollok/interpreter/core/WollokObject;)Lorg/uqbar/project/wollok/interpreter/core/WollokObject; (76 bytes) @ 0x00000166d3a75b44 [0x00000166d3a74ee0+0xc64]
J 3666 C1 org.uqbar.project.wollok.interpreter.AbstractWollokCallable$1.apply()Lorg/uqbar/project/wollok/interpreter/core/WollokObject; (145 bytes) @ 0x00000166d3a1303c [0x00000166d3a129c0+0x67c]
J 3665 C1 org.uqbar.project.wollok.interpreter.AbstractWollokCallable$1.apply()Ljava/lang/Object; (5 bytes) @ 0x00000166d3a1024c [0x00000166d3a101c0+0x8c]
J 3614 C1 org.uqbar.project.wollok.interpreter.threads.WThread.performOnStack(Lorg/eclipse/emf/ecore/EObject;Lorg/uqbar/project/wollok/interpreter/context/EvaluationContext;Lorg/eclipse/xtext/xbase/lib/Functions$Function0;)Lorg/uqbar/project/wollok/interpreter/core/WollokObject; (157 bytes) @ 0x00000166d39e5244 [0x00000166d39e4f00+0x344]
J 3661 C1 org.uqbar.project.wollok.interpreter.AbstractWollokCallable.call(Lorg/uqbar/project/wollok/wollokDsl/WMethodDeclaration;[Lorg/uqbar/project/wollok/interpreter/core/WollokObject;)Lorg/uqbar/project/wollok/interpreter/core/WollokObject; (46 bytes) @ 0x00000166d3a113bc [0x00000166d3a106a0+0xd1c]
J 3673 C1 org.uqbar.project.wollok.interpreter.core.WollokObject.call(Ljava/lang/String;[Lorg/uqbar/project/wollok/interpreter/core/WollokObject;)Lorg/uqbar/project/wollok/interpreter/core/WollokObject; (61 bytes) @ 0x00000166d3a17fcc [0x00000166d3a17900+0x6cc]
J 3845 C1 org.uqbar.project.wollok.interpreter.WollokInterpreterEvaluator._evaluate(Lorg/uqbar/project/wollok/wollokDsl/WFeatureCall;)Lorg/uqbar/project/wollok/interpreter/core/WollokObject; (125 bytes) @ 0x00000166d3adde74 [0x00000166d3adccc0+0x11b4]
J 3534 C1 org.uqbar.project.wollok.launch.WollokLauncherInterpreterEvaluator.evaluate(Lorg/eclipse/emf/ecore/EObject;)Lorg/uqbar/project/wollok/interpreter/core/WollokObject; (502 bytes) @ 0x00000166d398b224 [0x00000166d3987040+0x41e4]
J 4085 C2 org.uqbar.project.wollok.interpreter.WollokInterpreter.eval(Lorg/eclipse/emf/ecore/EObject;)Lorg/uqbar/project/wollok/interpreter/core/WollokObject; (190 bytes) @ 0x00000166d3c22254 [0x00000166d3c21de0+0x474]
J 3775 C1 org.uqbar.project.wollok.interpreter.WollokInterpreterEvaluator$1.apply(Ljava/lang/Object;Ljava/lang/Object;)Ljava/lang/Object; (13 bytes) @ 0x00000166d3a85c6c [0x00000166d3a858e0+0x38c]
J 3629 C1 org.eclipse.xtext.xbase.lib.IteratorExtensions.fold(Ljava/util/Iterator;Ljava/lang/Object;Lorg/eclipse/xtext/xbase/lib/Functions$Function2;)Ljava/lang/Object; (30 bytes) @ 0x00000166d39f3d5c [0x00000166d39f3ba0+0x1bc]
J 3978 C1 org.uqbar.project.wollok.interpreter.WollokInterpreterEvaluator._evaluate(Lorg/uqbar/project/wollok/wollokDsl/WBlockExpression;)Lorg/uqbar/project/wollok/interpreter/core/WollokObject; (40 bytes) @ 0x00000166d3b9767c [0x00000166d3b96a00+0xc7c]
J 3534 C1 org.uqbar.project.wollok.launch.WollokLauncherInterpreterEvaluator.evaluate(Lorg/eclipse/emf/ecore/EObject;)Lorg/uqbar/project/wollok/interpreter/core/WollokObject; (502 bytes) @ 0x00000166d398e4c4 [0x00000166d3987040+0x7484]
J 4085 C2 org.uqbar.project.wollok.interpreter.WollokInterpreter.eval(Lorg/eclipse/emf/ecore/EObject;)Lorg/uqbar/project/wollok/interpreter/core/WollokObject; (190 bytes) @ 0x00000166d3c22254 [0x00000166d3c21de0+0x474]
J 3666 C1 org.uqbar.project.wollok.interpreter.AbstractWollokCallable$1.apply()Lorg/uqbar/project/wollok/interpreter/core/WollokObject; (145 bytes) @ 0x00000166d3a13394 [0x00000166d3a129c0+0x9d4]
J 3665 C1 org.uqbar.project.wollok.interpreter.AbstractWollokCallable$1.apply()Ljava/lang/Object; (5 bytes) @ 0x00000166d3a1024c [0x00000166d3a101c0+0x8c]
J 3614 C1 org.uqbar.project.wollok.interpreter.threads.WThread.performOnStack(Lorg/eclipse/emf/ecore/EObject;Lorg/uqbar/project/wollok/interpreter/context/EvaluationContext;Lorg/eclipse/xtext/xbase/lib/Functions$Function0;)Lorg/uqbar/project/wollok/interpreter/core/WollokObject; (157 bytes) @ 0x00000166d39e5244 [0x00000166d39e4f00+0x344]
J 3661 C1 org.uqbar.project.wollok.interpreter.AbstractWollokCallable.call(Lorg/uqbar/project/wollok/wollokDsl/WMethodDeclaration;[Lorg/uqbar/project/wollok/interpreter/core/WollokObject;)Lorg/uqbar/project/wollok/interpreter/core/WollokObject; (46 bytes) @ 0x00000166d3a113bc [0x00000166d3a106a0+0xd1c]
J 3673 C1 org.uqbar.project.wollok.interpreter.core.WollokObject.call(Ljava/lang/String;[Lorg/uqbar/project/wollok/interpreter/core/WollokObject;)Lorg/uqbar/project/wollok/interpreter/core/WollokObject; (61 bytes) @ 0x00000166d3a17fcc [0x00000166d3a17900+0x6cc]
J 3845 C1 org.uqbar.project.wollok.interpreter.WollokInterpreterEvaluator._evaluate(Lorg/uqbar/project/wollok/wollokDsl/WFeatureCall;)Lorg/uqbar/project/wollok/interpreter/core/WollokObject; (125 bytes) @ 0x00000166d3adde74 [0x00000166d3adccc0+0x11b4]
J 3534 C1 org.uqbar.project.wollok.launch.WollokLauncherInterpreterEvaluator.evaluate(Lorg/eclipse/emf/ecore/EObject;)Lorg/uqbar/project/wollok/interpreter/core/WollokObject; (502 bytes) @ 0x00000166d398b224 [0x00000166d3987040+0x41e4]
J 4085 C2 org.uqbar.project.wollok.interpreter.WollokInterpreter.eval(Lorg/eclipse/emf/ecore/EObject;)Lorg/uqbar/project/wollok/interpreter/core/WollokObject; (190 bytes) @ 0x00000166d3c22254 [0x00000166d3c21de0+0x474]
J 3775 C1 org.uqbar.project.wollok.interpreter.WollokInterpreterEvaluator$1.apply(Ljava/lang/Object;Ljava/lang/Object;)Ljava/lang/Object; (13 bytes) @ 0x00000166d3a85c6c [0x00000166d3a858e0+0x38c]
j  org.eclipse.xtext.xbase.lib.IteratorExtensions.fold(Ljava/util/Iterator;Ljava/lang/Object;Lorg/eclipse/xtext/xbase/lib/Functions$Function2;)Ljava/lang/Object;+19
j  org.eclipse.xtext.xbase.lib.IterableExtensions.fold(Ljava/lang/Iterable;Ljava/lang/Object;Lorg/eclipse/xtext/xbase/lib/Functions$Function2;)Ljava/lang/Object;+8
j  org.uqbar.project.wollok.interpreter.WollokInterpreterEvaluator.evalAll(Ljava/lang/Iterable;)Lorg/uqbar/project/wollok/interpreter/core/WollokObject;+12
j  org.uqbar.project.wollok.interpreter.WollokInterpreterEvaluator._evaluate(Lorg/uqbar/project/wollok/wollokDsl/WBlockExpression;)Lorg/uqbar/project/wollok/interpreter/core/WollokObject;+34
j  org.uqbar.project.wollok.launch.WollokLauncherInterpreterEvaluator.evaluate(Lorg/eclipse/emf/ecore/EObject;)Lorg/uqbar/project/wollok/interpreter/core/WollokObject;+76
j  org.uqbar.project.wollok.interpreter.WollokInterpreterEvaluator.evaluate(Lorg/eclipse/emf/ecore/EObject;)Ljava/lang/Object;+2
j  org.uqbar.project.wollok.interpreter.WollokInterpreter.eval(Lorg/eclipse/emf/ecore/EObject;)Lorg/uqbar/project/wollok/interpreter/core/WollokObject;+63
j  org.uqbar.project.wollok.interpreter.AbstractWollokCallable.eval(Lorg/eclipse/emf/ecore/EObject;)Lorg/uqbar/project/wollok/interpreter/core/WollokObject;+5
j  org.uqbar.project.wollok.interpreter.AbstractWollokCallable$1.apply()Lorg/uqbar/project/wollok/interpreter/core/WollokObject;+110
j  org.uqbar.project.wollok.interpreter.AbstractWollokCallable$1.apply()Ljava/lang/Object;+1
j  org.uqbar.project.wollok.interpreter.threads.WThread.performOnStack(Lorg/eclipse/emf/ecore/EObject;Lorg/uqbar/project/wollok/interpreter/context/EvaluationContext;Lorg/eclipse/xtext/xbase/lib/Functions$Function0;)Lorg/uqbar/project/wollok/interpreter/core/WollokObject;+29
j  org.uqbar.project.wollok.interpreter.WollokInterpreter.performOnStack(Lorg/eclipse/emf/ecore/EObject;Lorg/uqbar/project/wollok/interpreter/context/EvaluationContext;Lorg/eclipse/xtext/xbase/lib/Functions$Function0;)Lorg/uqbar/project/wollok/interpreter/core/WollokObject;+7
j  org.uqbar.project.wollok.interpreter.AbstractWollokCallable.call(Lorg/uqbar/project/wollok/wollokDsl/WMethodDeclaration;[Lorg/uqbar/project/wollok/interpreter/core/WollokObject;)Lorg/uqbar/project/wollok/interpreter/core/WollokObject;+38
j  org.uqbar.project.wollok.interpreter.core.WollokObject.call(Ljava/lang/String;[Lorg/uqbar/project/wollok/interpreter/core/WollokObject;)Lorg/uqbar/project/wollok/interpreter/core/WollokObject;+55
j  org.uqbar.project.wollok.interpreter.WollokInterpreterEvaluator._evaluate(Lorg/uqbar/project/wollok/wollokDsl/WFeatureCall;)Lorg/uqbar/project/wollok/interpreter/core/WollokObject;+119
j  org.uqbar.project.wollok.launch.WollokLauncherInterpreterEvaluator.evaluate(Lorg/eclipse/emf/ecore/EObject;)Lorg/uqbar/project/wollok/interpreter/core/WollokObject;+412
j  org.uqbar.project.wollok.interpreter.WollokInterpreterEvaluator.evaluate(Lorg/eclipse/emf/ecore/EObject;)Ljava/lang/Object;+2
j  org.uqbar.project.wollok.interpreter.WollokInterpreter.eval(Lorg/eclipse/emf/ecore/EObject;)Lorg/uqbar/project/wollok/interpreter/core/WollokObject;+63
j  org.uqbar.project.wollok.interpreter.WollokInterpreterEvaluator.eval(Lorg/eclipse/emf/ecore/EObject;)Lorg/uqbar/project/wollok/interpreter/core/WollokObject;+5
j  org.uqbar.project.wollok.interpreter.WollokInterpreterEvaluator$1.apply(Lorg/uqbar/project/wollok/interpreter/core/WollokObject;Lorg/eclipse/emf/ecore/EObject;)Lorg/uqbar/project/wollok/interpreter/core/WollokObject;+5
j  org.uqbar.project.wollok.interpreter.WollokInterpreterEvaluator$1.apply(Ljava/lang/Object;Ljava/lang/Object;)Ljava/lang/Object;+9
j  org.eclipse.xtext.xbase.lib.IteratorExtensions.fold(Ljava/util/Iterator;Ljava/lang/Object;Lorg/eclipse/xtext/xbase/lib/Functions$Function2;)Ljava/lang/Object;+19
j  org.eclipse.xtext.xbase.lib.IterableExtensions.fold(Ljava/lang/Iterable;Ljava/lang/Object;Lorg/eclipse/xtext/xbase/lib/Functions$Function2;)Ljava/lang/Object;+8
j  org.uqbar.project.wollok.interpreter.WollokInterpreterEvaluator.evalAll(Ljava/lang/Iterable;)Lorg/uqbar/project/wollok/interpreter/core/WollokObject;+12
j  org.uqbar.project.wollok.interpreter.WollokInterpreterEvaluator._evaluate(Lorg/uqbar/project/wollok/wollokDsl/WProgram;)Lorg/uqbar/project/wollok/interpreter/core/WollokObject;+18
j  org.uqbar.project.wollok.launch.WollokLauncherInterpreterEvaluator.evaluate(Lorg/eclipse/emf/ecore/EObject;)Lorg/uqbar/project/wollok/interpreter/core/WollokObject;+444
j  org.uqbar.project.wollok.interpreter.WollokInterpreterEvaluator.evaluate(Lorg/eclipse/emf/ecore/EObject;)Ljava/lang/Object;+2
j  org.uqbar.project.wollok.interpreter.WollokInterpreter.eval(Lorg/eclipse/emf/ecore/EObject;)Lorg/uqbar/project/wollok/interpreter/core/WollokObject;+63
j  org.uqbar.project.wollok.interpreter.WollokInterpreterEvaluator.eval(Lorg/eclipse/emf/ecore/EObject;)Lorg/uqbar/project/wollok/interpreter/core/WollokObject;+5
j  org.uqbar.project.wollok.launch.WollokLauncherInterpreterEvaluator._evaluate(Lorg/uqbar/project/wollok/wollokDsl/WFile;)Lorg/uqbar/project/wollok/interpreter/core/WollokObject;+32
j  org.uqbar.project.wollok.launch.WollokLauncherInterpreterEvaluator.evaluate(Lorg/eclipse/emf/ecore/EObject;)Lorg/uqbar/project/wollok/interpreter/core/WollokObject;+428
j  org.uqbar.project.wollok.interpreter.WollokInterpreterEvaluator.evaluate(Lorg/eclipse/emf/ecore/EObject;)Ljava/lang/Object;+2
j  org.uqbar.project.wollok.interpreter.WollokInterpreter.interpret(Lorg/eclipse/emf/ecore/EObject;Ljava/lang/Boolean;)Lorg/uqbar/project/wollok/interpreter/core/WollokObject;+25
j  org.uqbar.project.wollok.interpreter.WollokInterpreter.interpret(Lorg/eclipse/emf/ecore/EObject;)Lorg/uqbar/project/wollok/interpreter/core/WollokObject;+8
j  org.uqbar.project.wollok.launch.WollokLauncher.doSomething(Lorg/uqbar/project/wollok/wollokDsl/WFile;Lcom/google/inject/Injector;Ljava/io/File;Lorg/uqbar/project/wollok/launch/WollokLauncherParameters;)V+109
j  org.uqbar.project.wollok.launch.WollokChecker.launch(Ljava/lang/String;Lorg/uqbar/project/wollok/launch/WollokLauncherParameters;)V+31
j  org.uqbar.project.wollok.launch.WollokChecker.doMain([Ljava/lang/String;)V+205
j  org.uqbar.project.wollok.launch.WollokLauncher.main([Ljava/lang/String;)V+8
v  ~StubRoutines::call_stub

---------------  P R O C E S S  ---------------

Java Threads: ( => current thread )
  0x00000166f061b800 JavaThread "com.google.inject.internal.util.$Finalizer" daemon [_thread_blocked, id=16436, stack(0x0000002306700000,0x0000002306800000)]
  0x00000166f036e000 JavaThread "EMF Reference Cleaner" daemon [_thread_blocked, id=6988, stack(0x0000002306600000,0x0000002306700000)]
  0x00000166ee1c6000 JavaThread "Service Thread" daemon [_thread_blocked, id=26484, stack(0x0000002306400000,0x0000002306500000)]
  0x00000166ee0f0800 JavaThread "C1 CompilerThread11" daemon [_thread_blocked, id=18032, stack(0x0000002306300000,0x0000002306400000)]
  0x00000166ee0eb800 JavaThread "C1 CompilerThread10" daemon [_thread_blocked, id=19416, stack(0x0000002306200000,0x0000002306300000)]
  0x00000166ee0ef800 JavaThread "C1 CompilerThread9" daemon [_thread_blocked, id=15532, stack(0x0000002306100000,0x0000002306200000)]
  0x00000166ee0eb000 JavaThread "C1 CompilerThread8" daemon [_thread_blocked, id=30992, stack(0x0000002306000000,0x0000002306100000)]
  0x00000166ee0ea000 JavaThread "C2 CompilerThread7" daemon [_thread_blocked, id=2192, stack(0x0000002305f00000,0x0000002306000000)]
  0x00000166ee0ef000 JavaThread "C2 CompilerThread6" daemon [_thread_blocked, id=1800, stack(0x0000002305e00000,0x0000002305f00000)]
  0x00000166ee0e9800 JavaThread "C2 CompilerThread5" daemon [_thread_blocked, id=15924, stack(0x0000002305d00000,0x0000002305e00000)]
  0x00000166ee0ee000 JavaThread "C2 CompilerThread4" daemon [_thread_blocked, id=28568, stack(0x0000002305c00000,0x0000002305d00000)]
  0x00000166ee0da800 JavaThread "C2 CompilerThread3" daemon [_thread_blocked, id=29708, stack(0x0000002305b00000,0x0000002305c00000)]
  0x00000166ee0d2000 JavaThread "C2 CompilerThread2" daemon [_thread_blocked, id=2208, stack(0x0000002305a00000,0x0000002305b00000)]
  0x00000166ee0cf800 JavaThread "C2 CompilerThread1" daemon [_thread_blocked, id=17664, stack(0x0000002305900000,0x0000002305a00000)]
  0x00000166ee0d5800 JavaThread "C2 CompilerThread0" daemon [_thread_blocked, id=12084, stack(0x0000002305800000,0x0000002305900000)]
  0x00000166ee0c9800 JavaThread "Attach Listener" daemon [_thread_blocked, id=27504, stack(0x0000002305700000,0x0000002305800000)]
  0x00000166ee0c8800 JavaThread "Signal Dispatcher" daemon [_thread_blocked, id=31572, stack(0x0000002305600000,0x0000002305700000)]
  0x00000166ec03e800 JavaThread "Finalizer" daemon [_thread_blocked, id=9884, stack(0x0000002305500000,0x0000002305600000)]
  0x00000166ee0a3000 JavaThread "Reference Handler" daemon [_thread_blocked, id=17080, stack(0x0000002305400000,0x0000002305500000)]
=>0x00000166d126b800 JavaThread "main" [_thread_in_native, id=9544, stack(0x0000002304300000,0x0000002304400000)]

Other Threads:
  0x00000166ee082800 VMThread [stack: 0x0000002305300000,0x0000002305400000] [id=29096]
  0x00000166ee1cf800 WatcherThread [stack: 0x0000002306500000,0x0000002306600000] [id=14548]

VM state:not at safepoint (normal execution)

VM Mutex/Monitor currently owned by a thread: None

heap address: 0x00000006c4800000, size: 4024 MB, Compressed Oops mode: Zero based, Oop shift amount: 3
Narrow klass base: 0x0000000000000000, Narrow klass shift: 3
Compressed class space size: 1073741824 Address: 0x00000007c0000000

Heap:
 PSYoungGen      total 172032K, used 45079K [0x000000076c300000, 0x000000077cb00000, 0x00000007c0000000)
  eden space 170496K, 25% used [0x000000076c300000,0x000000076edd5ef0,0x0000000776980000)
  from space 1536K, 79% used [0x000000077c980000,0x000000077cab0000,0x000000077cb00000)
  to   space 10752K, 0% used [0x000000077b600000,0x000000077b600000,0x000000077c080000)
 ParOldGen       total 134144K, used 18999K [0x00000006c4800000, 0x00000006ccb00000, 0x000000076c300000)
  object space 134144K, 14% used [0x00000006c4800000,0x00000006c5a8dec0,0x00000006ccb00000)
 Metaspace       used 22446K, capacity 22812K, committed 22912K, reserved 1069056K
  class space    used 2771K, capacity 2878K, committed 2944K, reserved 1048576K

Card table byte_map: [0x00000166e2050000,0x00000166e2830000] byte_map_base: 0x00000166dea2c000

Marking Bits: (ParMarkBitMap*) 0x0000000067f5f810
 Begin Bits: [0x00000166e2d70000, 0x00000166e6c50000)
 End Bits:   [0x00000166e6c50000, 0x00000166eab30000)

Polling page: 0x00000166d1470000

CodeCache: size=245760Kb used=17119Kb max_used=17119Kb free=228640Kb
 bounds [0x00000166d2c90000, 0x00000166d3d60000, 0x00000166e1c90000]
 total_blobs=4706 nmethods=4248 adapters=365
 compilation: enabled

Compilation events (10 events):
Event: 1.876 Thread 0x00000166ee0eb000 4255       3       java.io.FileInputStream::read (9 bytes)
Event: 1.876 Thread 0x00000166ee0eb000 nmethod 4255 0x00000166d3d316d0 code [0x00000166d3d31840, 0x00000166d3d319d0]
Event: 1.881 Thread 0x00000166ee0eb800 4257       3       java.nio.DirectByteBuffer::ix (10 bytes)
Event: 1.881 Thread 0x00000166ee0f0800 4256       3       java.nio.DirectByteBuffer::put (18 bytes)
Event: 1.881 Thread 0x00000166ee0eb800 nmethod 4257 0x00000166d2f49d90 code [0x00000166d2f49ee0, 0x00000166d2f4a038]
Event: 1.881 Thread 0x00000166ee0f0800 nmethod 4256 0x00000166d3d52950 code [0x00000166d3d52ac0, 0x00000166d3d52d38]
Event: 1.882 Thread 0x00000166ee0eb800 4260       1       java.nio.DirectByteBuffer::ix (10 bytes)
Event: 1.882 Thread 0x00000166ee0eb800 nmethod 4260 0x00000166d3d31210 code [0x00000166d3d31360, 0x00000166d3d31478]
Event: 1.882 Thread 0x00000166ee0eb800 4259       3       java.nio.DirectByteBuffer::put (18 bytes)
Event: 1.882 Thread 0x00000166ee0eb800 nmethod 4259 0x00000166d3d52e50 code [0x00000166d3d52fc0, 0x00000166d3d53238]

GC Heap History (10 events):
Event: 0.389 GC heap before
{Heap before GC invocations=1 (full 0):
 PSYoungGen      total 75264K, used 64512K [0x000000076c300000, 0x0000000771700000, 0x00000007c0000000)
  eden space 64512K, 100% used [0x000000076c300000,0x0000000770200000,0x0000000770200000)
  from space 10752K, 0% used [0x0000000770c80000,0x0000000770c80000,0x0000000771700000)
  to   space 10752K, 0% used [0x0000000770200000,0x0000000770200000,0x0000000770c80000)
 ParOldGen       total 172032K, used 0K [0x00000006c4800000, 0x00000006cf000000, 0x000000076c300000)
  object space 172032K, 0% used [0x00000006c4800000,0x00000006c4800000,0x00000006cf000000)
 Metaspace       used 10054K, capacity 10196K, committed 10368K, reserved 1058816K
  class space    used 1195K, capacity 1288K, committed 1408K, reserved 1048576K
Event: 0.395 GC heap after
Heap after GC invocations=1 (full 0):
 PSYoungGen      total 75264K, used 10732K [0x000000076c300000, 0x0000000775600000, 0x00000007c0000000)
  eden space 64512K, 0% used [0x000000076c300000,0x000000076c300000,0x0000000770200000)
  from space 10752K, 99% used [0x0000000770200000,0x0000000770c7b1e0,0x0000000770c80000)
  to   space 10752K, 0% used [0x0000000774b80000,0x0000000774b80000,0x0000000775600000)
 ParOldGen       total 172032K, used 1912K [0x00000006c4800000, 0x00000006cf000000, 0x000000076c300000)
  object space 172032K, 1% used [0x00000006c4800000,0x00000006c49de370,0x00000006cf000000)
 Metaspace       used 10054K, capacity 10196K, committed 10368K, reserved 1058816K
  class space    used 1195K, capacity 1288K, committed 1408K, reserved 1048576K
}
Event: 0.720 GC heap before
{Heap before GC invocations=2 (full 0):
 PSYoungGen      total 75264K, used 75244K [0x000000076c300000, 0x0000000775600000, 0x00000007c0000000)
  eden space 64512K, 100% used [0x000000076c300000,0x0000000770200000,0x0000000770200000)
  from space 10752K, 99% used [0x0000000770200000,0x0000000770c7b1e0,0x0000000770c80000)
  to   space 10752K, 0% used [0x0000000774b80000,0x0000000774b80000,0x0000000775600000)
 ParOldGen       total 172032K, used 1912K [0x00000006c4800000, 0x00000006cf000000, 0x000000076c300000)
  object space 172032K, 1% used [0x00000006c4800000,0x00000006c49de370,0x00000006cf000000)
 Metaspace       used 16247K, capacity 16438K, committed 16768K, reserved 1064960K
  class space    used 2026K, capacity 2099K, committed 2176K, reserved 1048576K
Event: 0.727 GC heap after
Heap after GC invocations=2 (full 0):
 PSYoungGen      total 139776K, used 10741K [0x000000076c300000, 0x0000000775600000, 0x00000007c0000000)
  eden space 129024K, 0% used [0x000000076c300000,0x000000076c300000,0x0000000774100000)
  from space 10752K, 99% used [0x0000000774b80000,0x00000007755fd458,0x0000000775600000)
  to   space 10752K, 0% used [0x0000000774100000,0x0000000774100000,0x0000000774b80000)
 ParOldGen       total 172032K, used 8736K [0x00000006c4800000, 0x00000006cf000000, 0x000000076c300000)
  object space 172032K, 5% used [0x00000006c4800000,0x00000006c50880f0,0x00000006cf000000)
 Metaspace       used 16247K, capacity 16438K, committed 16768K, reserved 1064960K
  class space    used 2026K, capacity 2099K, committed 2176K, reserved 1048576K
}
Event: 1.120 GC heap before
{Heap before GC invocations=3 (full 0):
 PSYoungGen      total 139776K, used 67093K [0x000000076c300000, 0x0000000775600000, 0x00000007c0000000)
  eden space 129024K, 43% used [0x000000076c300000,0x000000076fa08010,0x0000000774100000)
  from space 10752K, 99% used [0x0000000774b80000,0x00000007755fd458,0x0000000775600000)
  to   space 10752K, 0% used [0x0000000774100000,0x0000000774100000,0x0000000774b80000)
 ParOldGen       total 172032K, used 8736K [0x00000006c4800000, 0x00000006cf000000, 0x000000076c300000)
  object space 172032K, 5% used [0x00000006c4800000,0x00000006c50880f0,0x00000006cf000000)
 Metaspace       used 20826K, capacity 21056K, committed 21248K, reserved 1067008K
  class space    used 2631K, capacity 2724K, committed 2816K, reserved 1048576K
Event: 1.128 GC heap after
Heap after GC invocations=3 (full 0):
 PSYoungGen      total 139776K, used 10741K [0x000000076c300000, 0x000000077d400000, 0x00000007c0000000)
  eden space 129024K, 0% used [0x000000076c300000,0x000000076c300000,0x0000000774100000)
  from space 10752K, 99% used [0x0000000774100000,0x0000000774b7d478,0x0000000774b80000)
  to   space 10752K, 0% used [0x000000077c980000,0x000000077c980000,0x000000077d400000)
 ParOldGen       total 172032K, used 16200K [0x00000006c4800000, 0x00000006cf000000, 0x000000076c300000)
  object space 172032K, 9% used [0x00000006c4800000,0x00000006c57d20d8,0x00000006cf000000)
 Metaspace       used 20826K, capacity 21056K, committed 21248K, reserved 1067008K
  class space    used 2631K, capacity 2724K, committed 2816K, reserved 1048576K
}
Event: 1.128 GC heap before
{Heap before GC invocations=4 (full 1):
 PSYoungGen      total 139776K, used 10741K [0x000000076c300000, 0x000000077d400000, 0x00000007c0000000)
  eden space 129024K, 0% used [0x000000076c300000,0x000000076c300000,0x0000000774100000)
  from space 10752K, 99% used [0x0000000774100000,0x0000000774b7d478,0x0000000774b80000)
  to   space 10752K, 0% used [0x000000077c980000,0x000000077c980000,0x000000077d400000)
 ParOldGen       total 172032K, used 16200K [0x00000006c4800000, 0x00000006cf000000, 0x000000076c300000)
  object space 172032K, 9% used [0x00000006c4800000,0x00000006c57d20d8,0x00000006cf000000)
 Metaspace       used 20826K, capacity 21056K, committed 21248K, reserved 1067008K
  class space    used 2631K, capacity 2724K, committed 2816K, reserved 1048576K
Event: 1.163 GC heap after
Heap after GC invocations=4 (full 1):
 PSYoungGen      total 139776K, used 0K [0x000000076c300000, 0x000000077d400000, 0x00000007c0000000)
  eden space 129024K, 0% used [0x000000076c300000,0x000000076c300000,0x0000000774100000)
  from space 10752K, 0% used [0x0000000774100000,0x0000000774100000,0x0000000774b80000)
  to   space 10752K, 0% used [0x000000077c980000,0x000000077c980000,0x000000077d400000)
 ParOldGen       total 134144K, used 18991K [0x00000006c4800000, 0x00000006ccb00000, 0x000000076c300000)
  object space 134144K, 14% used [0x00000006c4800000,0x00000006c5a8bec0,0x00000006ccb00000)
 Metaspace       used 20826K, capacity 21056K, committed 21248K, reserved 1067008K
  class space    used 2631K, capacity 2724K, committed 2816K, reserved 1048576K
}
Event: 1.605 GC heap before
{Heap before GC invocations=5 (full 1):
 PSYoungGen      total 139776K, used 129024K [0x000000076c300000, 0x000000077d400000, 0x00000007c0000000)
  eden space 129024K, 100% used [0x000000076c300000,0x0000000774100000,0x0000000774100000)
  from space 10752K, 0% used [0x0000000774100000,0x0000000774100000,0x0000000774b80000)
  to   space 10752K, 0% used [0x000000077c980000,0x000000077c980000,0x000000077d400000)
 ParOldGen       total 134144K, used 18991K [0x00000006c4800000, 0x00000006ccb00000, 0x000000076c300000)
  object space 134144K, 14% used [0x00000006c4800000,0x00000006c5a8bec0,0x00000006ccb00000)
 Metaspace       used 21469K, capacity 21788K, committed 22016K, reserved 1069056K
  class space    used 2664K, capacity 2750K, committed 2816K, reserved 1048576K
Event: 1.607 GC heap after
Heap after GC invocations=5 (full 1):
 PSYoungGen      total 172032K, used 1216K [0x000000076c300000, 0x000000077cb00000, 0x00000007c0000000)
  eden space 170496K, 0% used [0x000000076c300000,0x000000076c300000,0x0000000776980000)
  from space 1536K, 79% used [0x000000077c980000,0x000000077cab0000,0x000000077cb00000)
  to   space 10752K, 0% used [0x000000077b600000,0x000000077b600000,0x000000077c080000)
 ParOldGen       total 134144K, used 18999K [0x00000006c4800000, 0x00000006ccb00000, 0x000000076c300000)
  object space 134144K, 14% used [0x00000006c4800000,0x00000006c5a8dec0,0x00000006ccb00000)
 Metaspace       used 21469K, capacity 21788K, committed 22016K, reserved 1069056K
  class space    used 2664K, capacity 2750K, committed 2816K, reserved 1048576K
}

Deoptimization events (10 events):
Event: 1.662 Thread 0x00000166d126b800 Uncommon trap: reason=unstable_if action=reinterpret pc=0x00000166d3c8a4e0 method=org.uqbar.project.wollok.interpreter.WollokInterpreter.resolve(Ljava/lang/String;)Lorg/uqbar/project/wollok/interpreter/core/WollokObject; @ 10
Event: 1.666 Thread 0x00000166d126b800 Uncommon trap: reason=unstable_if action=reinterpret pc=0x00000166d3b905a4 method=org.uqbar.project.wollok.model.WMethodContainerExtensions.isAbstract(Lorg/uqbar/project/wollok/wollokDsl/WMethodDeclaration;)Z @ 15
Event: 1.666 Thread 0x00000166d126b800 Uncommon trap: reason=unstable_if action=reinterpret pc=0x00000166d3b9e248 method=org.uqbar.project.wollok.model.WMethodContainerExtensions.isAbstract(Lorg/uqbar/project/wollok/wollokDsl/WMethodDeclaration;)Z @ 15
Event: 1.668 Thread 0x00000166d126b800 Uncommon trap: reason=unstable_if action=reinterpret pc=0x00000166d3ba27cc method=org.uqbar.project.wollok.model.WMethodContainerExtensions.matches(Lorg/uqbar/project/wollok/wollokDsl/WMethodDeclaration;Ljava/lang/String;IZ)Z @ 70
Event: 1.672 Thread 0x00000166d126b800 Uncommon trap: reason=predicate action=maybe_recompile pc=0x00000166d3bb1748 method=java.lang.Iterable.forEach(Ljava/util/function/Consumer;)V @ 21
Event: 1.673 Thread 0x00000166d126b800 Uncommon trap: reason=class_check action=maybe_recompile pc=0x00000166d3bf06e0 method=com.google.common.collect.Sets.newLinkedHashSet(Ljava/lang/Iterable;)Ljava/util/LinkedHashSet; @ 1
Event: 1.688 Thread 0x00000166d126b800 Uncommon trap: reason=unstable_if action=reinterpret pc=0x00000166d31cc0ac method=java.io.WinNTFileSystem.normalize(Ljava/lang/String;)Ljava/lang/String; @ 49
Event: 1.691 Thread 0x00000166d126b800 Uncommon trap: reason=unstable_if action=reinterpret pc=0x00000166d3bd63b4 method=java.util.AbstractCollection.addAll(Ljava/util/Collection;)Z @ 32
Event: 1.696 Thread 0x00000166d126b800 Uncommon trap: reason=predicate action=maybe_recompile pc=0x00000166d32d7aec method=java.lang.String.regionMatches(ZILjava/lang/String;II)Z @ 63
Event: 1.868 Thread 0x00000166d126b800 Uncommon trap: reason=unstable_if action=reinterpret pc=0x00000166d3060d9c method=java.lang.ThreadLocal$ThreadLocalMap.getEntry(Ljava/lang/ThreadLocal;)Ljava/lang/ThreadLocal$ThreadLocalMap$Entry; @ 29

Classes redefined (0 events):
No events

Internal exceptions (10 events):
Event: 1.198 Thread 0x00000166d126b800 Exception <a 'java/lang/reflect/InvocationTargetException'> (0x000000076c9d16b0) thrown at [J:\jenkins\tmp\workspace\build\src\hotspot\src\share\vm\runtime\reflection.cpp, line 1092]
Event: 1.199 Thread 0x00000166d126b800 Exception <a 'java/lang/reflect/InvocationTargetException'> (0x000000076c9e4f70) thrown at [J:\jenkins\tmp\workspace\build\src\hotspot\src\share\vm\runtime\reflection.cpp, line 1092]
Event: 1.199 Thread 0x00000166d126b800 Exception <a 'java/lang/reflect/InvocationTargetException'> (0x000000076c9faf58) thrown at [J:\jenkins\tmp\workspace\build\src\hotspot\src\share\vm\runtime\reflection.cpp, line 1092]
Event: 1.662 Thread 0x00000166d126b800 Implicit null exception at 0x00000166d3c89ea4 to 0x00000166d3c8a4cd
Event: 1.885 Thread 0x00000166d126b800 Exception <a 'java/security/PrivilegedActionException'> (0x000000076eb70af0) thrown at [J:\jenkins\tmp\workspace\build\src\hotspot\src\share\vm\prims\jvm.cpp, line 1514]
Event: 1.885 Thread 0x00000166d126b800 Exception <a 'java/security/PrivilegedActionException'> (0x000000076eb72020) thrown at [J:\jenkins\tmp\workspace\build\src\hotspot\src\share\vm\prims\jvm.cpp, line 1514]
Event: 1.885 Thread 0x00000166d126b800 Exception <a 'java/security/PrivilegedActionException'> (0x000000076eb73450) thrown at [J:\jenkins\tmp\workspace\build\src\hotspot\src\share\vm\prims\jvm.cpp, line 1514]
Event: 1.885 Thread 0x00000166d126b800 Exception <a 'java/security/PrivilegedActionException'> (0x000000076eb74b10) thrown at [J:\jenkins\tmp\workspace\build\src\hotspot\src\share\vm\prims\jvm.cpp, line 1514]
Event: 1.885 Thread 0x00000166d126b800 Exception <a 'java/security/PrivilegedActionException'> (0x000000076eb75f08) thrown at [J:\jenkins\tmp\workspace\build\src\hotspot\src\share\vm\prims\jvm.cpp, line 1514]
Event: 1.885 Thread 0x00000166d126b800 Exception <a 'java/security/PrivilegedActionException'> (0x000000076eb772d0) thrown at [J:\jenkins\tmp\workspace\build\src\hotspot\src\share\vm\prims\jvm.cpp, line 1514]

Events (10 events):
Event: 1.897 loading class org/lwjgl/openal/ALCdevice
Event: 1.897 loading class org/lwjgl/openal/ALCdevice done
Event: 1.898 loading class org/lwjgl/openal/ALCcontext
Event: 1.898 loading class org/lwjgl/openal/ALCcontext done
Event: 1.898 loading class java/nio/DirectIntBufferU
Event: 1.898 loading class java/nio/DirectIntBufferU done
Event: 1.898 loading class org/lwjgl/openal/Util
Event: 1.898 loading class org/lwjgl/openal/Util done
Event: 1.898 loading class org/lwjgl/openal/OpenALException
Event: 1.898 loading class org/lwjgl/openal/OpenALException done


Dynamic libraries:
0x00007ff653b70000 - 0x00007ff653bb6000 	C:\Program Files\Eclipse Adoptium\jdk-8.0.382.5-hotspot\bin\javaw.exe
0x00007ffa1fb50000 - 0x00007ffa1fd64000 	C:\WINDOWS\SYSTEM32\ntdll.dll
0x00007ffa1e790000 - 0x00007ffa1e854000 	C:\WINDOWS\System32\KERNEL32.DLL
0x00007ffa1d050000 - 0x00007ffa1d3f4000 	C:\WINDOWS\System32\KERNELBASE.dll
0x00007ffa1e870000 - 0x00007ffa1e920000 	C:\WINDOWS\System32\ADVAPI32.dll
0x00007ffa1f1f0000 - 0x00007ffa1f297000 	C:\WINDOWS\System32\msvcrt.dll
0x00007ffa1f7e0000 - 0x00007ffa1f886000 	C:\WINDOWS\System32\sechost.dll
0x00007ffa1f310000 - 0x00007ffa1f427000 	C:\WINDOWS\System32\RPCRT4.dll
0x00007ffa1f630000 - 0x00007ffa1f7da000 	C:\WINDOWS\System32\USER32.dll
0x00007ffa1d6b0000 - 0x00007ffa1d6d6000 	C:\WINDOWS\System32\win32u.dll
0x00007ffa1fae0000 - 0x00007ffa1fb09000 	C:\WINDOWS\System32\GDI32.dll
0x00007ffa1d480000 - 0x00007ffa1d599000 	C:\WINDOWS\System32\gdi32full.dll
0x00007ffa1d5a0000 - 0x00007ffa1d63a000 	C:\WINDOWS\System32\msvcp_win.dll
0x00007ffa1cf30000 - 0x00007ffa1d041000 	C:\WINDOWS\System32\ucrtbase.dll
0x00007ffa06850000 - 0x00007ffa06adf000 	C:\WINDOWS\WinSxS\amd64_microsoft.windows.common-controls_6595b64144ccf1df_6.0.22621.2070_none_2713e6537381f706\COMCTL32.dll
0x00007ffa1f890000 - 0x00007ffa1f8c1000 	C:\WINDOWS\System32\IMM32.DLL
0x00007ffa078c0000 - 0x00007ffa078d5000 	C:\Program Files\Eclipse Adoptium\jdk-8.0.382.5-hotspot\jre\bin\vcruntime140.dll
0x00007ff9ff9d0000 - 0x00007ff9ffa6b000 	C:\Program Files\Eclipse Adoptium\jdk-8.0.382.5-hotspot\jre\bin\msvcp140.dll
0x0000000067780000 - 0x0000000067fd8000 	C:\Program Files\Eclipse Adoptium\jdk-8.0.382.5-hotspot\jre\bin\server\jvm.dll
0x00007ffa1fa50000 - 0x00007ffa1fa58000 	C:\WINDOWS\System32\PSAPI.DLL
0x00007ffa14660000 - 0x00007ffa14669000 	C:\WINDOWS\SYSTEM32\WSOCK32.dll
0x00007ffa1f9d0000 - 0x00007ffa1fa41000 	C:\WINDOWS\System32\WS2_32.dll
0x00007ffa16ad0000 - 0x00007ffa16b04000 	C:\WINDOWS\SYSTEM32\WINMM.dll
0x00007ffa16000000 - 0x00007ffa1600a000 	C:\WINDOWS\SYSTEM32\VERSION.dll
0x00007ffa1c040000 - 0x00007ffa1c058000 	C:\WINDOWS\SYSTEM32\kernel.appcore.dll
0x00007ffa14010000 - 0x00007ffa14020000 	C:\Program Files\Eclipse Adoptium\jdk-8.0.382.5-hotspot\jre\bin\verify.dll
0x00007ffa06030000 - 0x00007ffa0605b000 	C:\Program Files\Eclipse Adoptium\jdk-8.0.382.5-hotspot\jre\bin\java.dll
0x00007ffa13fc0000 - 0x00007ffa13fd8000 	C:\Program Files\Eclipse Adoptium\jdk-8.0.382.5-hotspot\jre\bin\zip.dll
0x00007ffa1df70000 - 0x00007ffa1e786000 	C:\WINDOWS\System32\SHELL32.dll
0x00007ffa1aeb0000 - 0x00007ffa1b79a000 	C:\WINDOWS\SYSTEM32\windows.storage.dll
0x00007ffa1d9c0000 - 0x00007ffa1dd4a000 	C:\WINDOWS\System32\combase.dll
0x00007ffa1ad70000 - 0x00007ffa1aeae000 	C:\WINDOWS\SYSTEM32\wintypes.dll
0x00007ffa1f8d0000 - 0x00007ffa1f9c3000 	C:\WINDOWS\System32\SHCORE.dll
0x00007ffa1f5d0000 - 0x00007ffa1f62e000 	C:\WINDOWS\System32\shlwapi.dll
0x00007ffa1ce60000 - 0x00007ffa1ce86000 	C:\WINDOWS\SYSTEM32\profapi.dll
0x0000000065580000 - 0x0000000065616000 	C:\Users\maria\AppData\Local\Temp\libgdxmaria\12dfaa03\gdx64.dll
0x00007ffa1c730000 - 0x00007ffa1c74b000 	C:\WINDOWS\SYSTEM32\CRYPTSP.dll
0x00007ffa1bfa0000 - 0x00007ffa1bfd5000 	C:\WINDOWS\system32\rsaenh.dll
0x00007ffa1c5d0000 - 0x00007ffa1c5fc000 	C:\WINDOWS\SYSTEM32\USERENV.dll
0x00007ffa1c8d0000 - 0x00007ffa1c8f8000 	C:\WINDOWS\SYSTEM32\bcrypt.dll
0x00007ffa1d400000 - 0x00007ffa1d47a000 	C:\WINDOWS\System32\bcryptprimitives.dll
0x00007ffa1c750000 - 0x00007ffa1c75c000 	C:\WINDOWS\SYSTEM32\CRYPTBASE.dll
0x00007ffa134e0000 - 0x00007ffa134fc000 	C:\Program Files\Eclipse Adoptium\jdk-8.0.382.5-hotspot\jre\bin\net.dll
0x00007ffa1c4e0000 - 0x00007ffa1c549000 	C:\WINDOWS\system32\mswsock.dll
0x00007ffa1ba90000 - 0x00007ffa1babd000 	C:\WINDOWS\SYSTEM32\IPHLPAPI.DLL
0x00007ffa1f2a0000 - 0x00007ffa1f2a9000 	C:\WINDOWS\System32\NSI.dll
0x00007ffa16b10000 - 0x00007ffa16b29000 	C:\WINDOWS\SYSTEM32\dhcpcsvc6.DLL
0x00007ffa16ab0000 - 0x00007ffa16acf000 	C:\WINDOWS\SYSTEM32\dhcpcsvc.DLL
0x00007ffa1bb00000 - 0x00007ffa1bbf3000 	C:\WINDOWS\SYSTEM32\DNSAPI.dll
0x00007ffa134a0000 - 0x00007ffa134b3000 	C:\Program Files\Eclipse Adoptium\jdk-8.0.382.5-hotspot\jre\bin\nio.dll
0x0000000180000000 - 0x0000000180053000 	C:\Users\maria\AppData\Local\Temp\libgdxmaria\dc0f0009\lwjgl64.dll
0x00007ff9e4580000 - 0x00007ff9e4680000 	C:\WINDOWS\SYSTEM32\OPENGL32.dll
0x00007ffa051d0000 - 0x00007ffa051fd000 	C:\WINDOWS\SYSTEM32\GLU32.dll
0x00007ffa1a140000 - 0x00007ffa1a178000 	C:\WINDOWS\SYSTEM32\dxcore.dll
0x00000166f3d20000 - 0x00000166f3d84000 	C:\Users\maria\AppData\Local\Temp\libgdxmaria\dc0f0009\OpenAL64.dll
0x00007ffa1f430000 - 0x00007ffa1f5cc000 	C:\WINDOWS\System32\ole32.dll
0x00007ffa1a040000 - 0x00007ffa1a0eb000 	C:\WINDOWS\system32\uxtheme.dll
0x00007ffa1ec00000 - 0x00007ffa1ecb0000 	C:\WINDOWS\System32\clbcatq.dll
0x00007ff9c15b0000 - 0x00007ff9c1652000 	C:\WINDOWS\SYSTEM32\dsound.dll
0x00007ff9c1e00000 - 0x00007ff9c1eb1000 	C:\WINDOWS\SYSTEM32\ResampleDmo.DLL
0x00007ffa1dd50000 - 0x00007ffa1de27000 	C:\WINDOWS\System32\OLEAUT32.dll
0x00007ffa1bdf0000 - 0x00007ffa1be3d000 	C:\WINDOWS\SYSTEM32\powrprof.dll
0x00007ffa0e2c0000 - 0x00007ffa0e2e9000 	C:\WINDOWS\SYSTEM32\winmmbase.dll
0x00007ff9f1510000 - 0x00007ff9f151b000 	C:\WINDOWS\SYSTEM32\msdmo.dll
0x00007ffa1bdd0000 - 0x00007ffa1bde3000 	C:\WINDOWS\SYSTEM32\UMPDC.dll
0x00007ffa14700000 - 0x00007ffa1479d000 	C:\WINDOWS\System32\MMDevApi.dll
0x00007ffa1cc40000 - 0x00007ffa1cc6c000 	C:\WINDOWS\System32\DEVOBJ.dll
0x00007ffa1cbf0000 - 0x00007ffa1cc3e000 	C:\WINDOWS\SYSTEM32\cfgmgr32.dll
0x00007ffa086c0000 - 0x00007ffa088ac000 	C:\WINDOWS\SYSTEM32\AUDIOSES.DLL
0x00007ffa1a7e0000 - 0x00007ffa1aa0e000 	C:\WINDOWS\SYSTEM32\dbghelp.dll

VM Arguments:
jvm_args: -Duser.language=en_US -Dfile.encoding=UTF-8 
java_command: org.uqbar.project.wollok.launch.WollokLauncher -requestsPort 0 -eventsPort 0 -folder -dontValidate -wf src/program.wpgm
java_class_path (initial): C:\Users\maria\Desktop\wollok-win32.win32.x86_64\workspace\test\bin;C:\Users\maria\Desktop\wollok-win32.win32.x86_64\plugins\com.ibm.icu_64.2.0.v20190507-1337.jar;C:\Users\maria\Desktop\wollok-win32.win32.x86_64\plugins\org.eclipse.xtext_2.20.0.v20191202-0915.jar;C:\Users\maria\Desktop\wollok-win32.win32.x86_64\plugins\org.eclipse.emf.ecore.xmi_2.16.0.v20190528-0725.jar;C:\Users\maria\Desktop\wollok-win32.win32.x86_64\plugins\org.eclipse.emf.ecore_2.20.0.v20190920-0401.jar;C:\Users\maria\Desktop\wollok-win32.win32.x86_64\plugins\org.eclipse.emf.common_2.17.0.v20190920-0401.jar;C:\Users\maria\Desktop\wollok-win32.win32.x86_64\plugins\org.antlr.runtime_3.2.0.v201101311130.jar;C:\Users\maria\Desktop\wollok-win32.win32.x86_64\plugins\com.google.inject_3.0.0.v201605172100.jar;C:\Users\maria\Desktop\wollok-win32.win32.x86_64\plugins\org.eclipse.emf.mwe.core_1.5.1.v20191121-1148.jar;C:\Users\maria\Desktop\wollok-win32.win32.x86_64\plugins\org.apache.commons.cli_1.2.0.v201404270220.jar;C:\Users\maria\Desktop\wollok-win32.win32.x86_64\plugins\org.eclipse.emf.mwe2.runtime_2.11.1.v20191121-1148.jar;C:\Users\maria\Desktop\wollok-win32.win32.x86_64\plugins\org.eclipse.emf.mwe.utils_1.5.1.v20191121-1148.jar;C:\Users\maria\Desktop\wollok-win32.win32.x86_64\plugins\org.eclipse.xtext.util_2.20.0.v20191202-0915.jar;C:\Users\maria\Desktop\wollok-win32.win32.x86_64\plugins\com.google.guava_27.1.0.v20190517-1946.jar;C:\Users\maria\Desktop\wollok-win32.win32.x86_64\plugins\javax.inject_1.0.0.v20091030.jar;C:\Users\maria\Desktop\wollok-win32.win32.x86_64\plugins\org.eclipse.xtext.generator_2.20.0.v20191202-0933.jar;C:\Users\maria\Desktop\wollok-win32.win32.x86_64\plugins\org.eclipse.xtext.xtext.generator_2.20.0.v20191202-0915.jar;C:\Users\maria\Desktop\wollok-win32.win32.x86_64\plugins\org.eclipse.xtext.xbase.lib_2.20.0.v20191202-0907.jar;C:\Users\maria\Desktop\wollok-win32.win32.x86_64\plugins\org.eclipse.emf.codegen.ecore_2.20.0.v20191012-0918.jar;C:\Users\m
Launcher Type: SUN_STANDARD

Environment Variables:
JAVA_HOME=C:\Program Files\Android\Android Studio\jre
PATH=C:/Program Files/Eclipse Adoptium/jdk-8.0.382.5-hotspot/bin/../jre/bin/server;C:/Program Files/Eclipse Adoptium/jdk-8.0.382.5-hotspot/bin/../jre/bin;C:/Program Files/Eclipse Adoptium/jdk-8.0.382.5-hotspot/bin/../jre/lib/amd64;C:\Program Files\Eclipse Adoptium\jdk-8.0.382.5-hotspot\bin;C:\Windows\system32;C:\Windows;C:\Windows\System32\Wbem;C:\Windows\System32\WindowsPowerShell\v1.0\;C:\Windows\System32\OpenSSH\;C:\Program Files (x86)\NVIDIA Corporation\PhysX\Common;C:\Program Files\NVIDIA Corporation\NVIDIA NvDLISR;%NVM_HOME%;%NVM_SYMLINK%;C:\Program Files\Git\cmd;C:\Program Files\Microsoft SQL Server\150\Tools\Binn\;C:\Program Files\Microsoft SQL Server\Client SDK\ODBC\170\Tools\Binn\;C:\Program Files\dotnet\;C:\Program Files (x86)\Microsoft SQL Server\160\DTS\Binn\;C:\Program Files\Azure Data Studio\bin;C:\FPC\3.2.2\bin\i386-Win32;C:\WINDOWS\system32;C:\WINDOWS;C:\WINDOWS\System32\Wbem;C:\WINDOWS\System32\WindowsPowerShell\v1.0\;C:\WINDOWS\System32\OpenSSH\;C:\Program Files\Docker\Docker\resources\bin;C:\Program Files\Amazon\AWSCLIV2\;C:\Users\maria\AppData\Local\Programs\Python\Python311\Scripts\;C:\Users\maria\AppData\Local\Programs\Python\Python311\;C:\Users\maria\AppData\Local\pnpm;C:\Program Files\MySQL\MySQL Shell 8.0\bin\;C:\Users\maria\AppData\Local\Microsoft\WindowsApps;C:\Users\maria\AppData\Local\Programs\Microsoft VS Code\bin;C:\Users\maria\AppData\Roaming\nvm;C:\Program Files\nodejs;C:\Users\maria\.dotnet\tools;C:\Program Files\Azure Data Studio\bin;C:\Users\maria\AppData\Local\Android\Sdk\platform-tools;C:\Program Files\swipl\bin;;C:\ghcup\bin;C:\Users\maria\Desktop\wollok-win32.win32.x86_64;
USERNAME=maria
OS=Windows_NT
PROCESSOR_IDENTIFIER=Intel64 Family 6 Model 154 Stepping 3, GenuineIntel



---------------  S Y S T E M  ---------------

OS: Windows 11 , 64 bit Build 22621 (10.0.22621.2070)

CPU:total 20 (initial active 20) (10 cores per cpu, 2 threads per core) family 6 model 154 stepping 3, cmov, cx8, fxsr, mmx, sse, sse2, sse3, ssse3, sse4.1, sse4.2, popcnt, avx, avx2, aes, clmul, erms, 3dnowpref, lzcnt, ht, tsc, tscinvbit, bmi1, bmi2, adx

Memory: 4k page, physical 16474616k(3990744k free), swap 29285788k(4632500k free)

vm_info: OpenJDK 64-Bit Server VM (25.382-b05) for windows-amd64 JRE (1.8.0_382-b05), built on Jul 19 2023 15:37:29 by "jenkins" with MS VC++ 15.9 (VS2017)

time: Sat Aug 26 22:01:46 2023
timezone: Argentina Standard Time
elapsed time: 1.914522 seconds (0d 0h 0m 1s)

